<?xml version="1.0" encoding="UTF-8"?>
<!-- Generated by org.testng.reporters.JUnitXMLReporter -->
<testsuite ignored="0" hostname="chandrasheker" failures="0" tests="4" name="Test" time="15.103" errors="0" timestamp="2024-11-16T07:25:17 IST">
  <testcase classname="google.GoogleTest" name="Google_Test1" time="1.73"/>
  <testcase classname="google.GoogleTest" name="Google_Test2" time="0.002"/>
  <testcase classname="yahoomail.YahooTest" name="Yahoo_Test1" time="2.059"/>
  <testcase classname="yahoomail.YahooTest" name="Yahoo_Test2" time="0.002"/>
</testsuite> <!-- Test -->
