<?xml version="1.0" encoding="UTF-8"?>
<testng-results ignored="0" total="4" passed="4" failed="0" skipped="0">
  <reporter-output>
  </reporter-output>
  <suite started-at="2024-11-16T07:25:02 IST" name="Suite" finished-at="2024-11-16T07:25:17 IST" duration-ms="15103">
    <groups>
    </groups>
    <test started-at="2024-11-16T07:25:02 IST" name="Test" finished-at="2024-11-16T07:25:17 IST" duration-ms="15103">
      <class name="google.GoogleTest">
        <test-method is-config="true" signature="init()[pri:0, instance:google.GoogleTest@7a35b0f5]" started-at="2024-11-16T07:25:02 IST" name="init" finished-at="2024-11-16T07:25:07 IST" duration-ms="4903" status="PASS">
          <reporter-output>
          </reporter-output>
        </test-method> <!-- init -->
        <test-method signature="Google_Test1()[pri:0, instance:google.GoogleTest@7a35b0f5]" started-at="2024-11-16T07:25:07 IST" name="Google_Test1" finished-at="2024-11-16T07:25:08 IST" duration-ms="1730" status="PASS">
          <reporter-output>
          </reporter-output>
        </test-method> <!-- Google_Test1 -->
        <test-method is-config="true" signature="tearDown()[pri:0, instance:google.GoogleTest@7a35b0f5]" started-at="2024-11-16T07:25:08 IST" name="tearDown" finished-at="2024-11-16T07:25:10 IST" duration-ms="1457" status="PASS">
          <reporter-output>
          </reporter-output>
        </test-method> <!-- tearDown -->
        <test-method signature="Google_Test2()[pri:0, instance:google.GoogleTest@7a35b0f5]" started-at="2024-11-16T07:25:10 IST" name="Google_Test2" finished-at="2024-11-16T07:25:10 IST" duration-ms="2" status="PASS">
          <reporter-output>
          </reporter-output>
        </test-method> <!-- Google_Test2 -->
        <test-method is-config="true" signature="tearDown()[pri:0, instance:google.GoogleTest@7a35b0f5]" started-at="2024-11-16T07:25:10 IST" name="tearDown" finished-at="2024-11-16T07:25:10 IST" duration-ms="0" status="PASS">
          <reporter-output>
          </reporter-output>
        </test-method> <!-- tearDown -->
        <test-method is-config="true" signature="tearDown()[pri:0, instance:google.GoogleTest@7a35b0f5]" started-at="2024-11-16T07:25:10 IST" name="tearDown" finished-at="2024-11-16T07:25:10 IST" duration-ms="0" status="PASS">
          <reporter-output>
          </reporter-output>
        </test-method> <!-- tearDown -->
      </class> <!-- google.GoogleTest -->
      <class name="yahoomail.YahooTest">
        <test-method is-config="true" signature="init()[pri:0, instance:yahoomail.YahooTest@33bc72d1]" started-at="2024-11-16T07:25:10 IST" name="init" finished-at="2024-11-16T07:25:13 IST" duration-ms="3617" status="PASS">
          <reporter-output>
          </reporter-output>
        </test-method> <!-- init -->
        <test-method signature="Yahoo_Test1()[pri:0, instance:yahoomail.YahooTest@33bc72d1]" started-at="2024-11-16T07:25:13 IST" name="Yahoo_Test1" finished-at="2024-11-16T07:25:16 IST" duration-ms="2059" status="PASS">
          <reporter-output>
          </reporter-output>
        </test-method> <!-- Yahoo_Test1 -->
        <test-method is-config="true" signature="tearDown()[pri:0, instance:yahoomail.YahooTest@33bc72d1]" started-at="2024-11-16T07:25:16 IST" name="tearDown" finished-at="2024-11-16T07:25:17 IST" duration-ms="1276" status="PASS">
          <reporter-output>
          </reporter-output>
        </test-method> <!-- tearDown -->
        <test-method signature="Yahoo_Test2()[pri:0, instance:yahoomail.YahooTest@33bc72d1]" started-at="2024-11-16T07:25:17 IST" name="Yahoo_Test2" finished-at="2024-11-16T07:25:17 IST" duration-ms="2" status="PASS">
          <reporter-output>
          </reporter-output>
        </test-method> <!-- Yahoo_Test2 -->
        <test-method is-config="true" signature="tearDown()[pri:0, instance:yahoomail.YahooTest@33bc72d1]" started-at="2024-11-16T07:25:17 IST" name="tearDown" finished-at="2024-11-16T07:25:17 IST" duration-ms="1" status="PASS">
          <reporter-output>
          </reporter-output>
        </test-method> <!-- tearDown -->
        <test-method is-config="true" signature="tearDown()[pri:0, instance:yahoomail.YahooTest@33bc72d1]" started-at="2024-11-16T07:25:17 IST" name="tearDown" finished-at="2024-11-16T07:25:17 IST" duration-ms="0" status="PASS">
          <reporter-output>
          </reporter-output>
        </test-method> <!-- tearDown -->
      </class> <!-- yahoomail.YahooTest -->
    </test> <!-- Test -->
  </suite> <!-- Suite -->
</testng-results>
